<?xml version="1.0" encoding="utf-8"?>
<test-run id="2" testcasecount="20" result="Passed" total="20" passed="20" failed="0" inconclusive="0" skipped="0" asserts="0" engine-version="3.5.0.0" clr-version="4.0.30319.42000" start-time="2026-08-13 23:34:40Z" end-time="2026-08-13 23:34:40Z" duration="0.2078719">
  <test-suite type="TestSuite" id="1000" name="Spellbook Arcane" fullname="Spellbook Arcane" runstate="Runnable" testcasecount="20" result="Passed" start-time="2026-08-13 23:34:40Z" end-time="2026-08-13 23:34:40Z" duration="0.207872" total="20" passed="20" failed="0" inconclusive="0" skipped="0" asserts="0">
    <properties>
      <property name="platform" value="EditMode" />
    </properties>
    <test-suite type="Assembly" id="1023" name="Spellbook.Tests.dll" fullname="C:/github/spellbook/src_unity/Spellbook.Unity/Library/ScriptAssemblies/Spellbook.Tests.dll" runstate="Runnable" testcasecount="20" result="Passed" start-time="2026-08-13 23:34:40Z" end-time="2026-08-13 23:34:40Z" duration="0.202455" total="20" passed="20" failed="0" inconclusive="0" skipped="0" asserts="0">
      <properties>
        <property name="_PID" value="30820" />
        <property name="_APPDOMAIN" value="Unity Child Domain" />
        <property name="platform" value="EditMode" />
        <property name="EditorOnly" value="True" />
      </properties>
      <test-suite type="TestSuite" id="1024" name="Spellbook" fullname="Spellbook" runstate="Runnable" testcasecount="20" result="Passed" start-time="2026-08-13 23:34:40Z" end-time="2026-08-13 23:34:40Z" duration="0.202275" total="20" passed="20" failed="0" inconclusive="0" skipped="0" asserts="0">
        <properties />
        <test-suite type="TestSuite" id="1025" name="Tests" fullname="Spellbook.Tests" runstate="Runnable" testcasecount="20" result="Passed" start-time="2026-08-13 23:34:40Z" end-time="2026-08-13 23:34:40Z" duration="0.202197" total="20" passed="20" failed="0" inconclusive="0" skipped="0" asserts="0">
          <properties />
          <test-suite type="TestFixture" id="1001" name="CoreTests" fullname="Spellbook.Tests.CoreTests" classname="Spellbook.Tests.CoreTests" runstate="Runnable" testcasecount="20" result="Passed" start-time="2026-08-13 23:34:40Z" end-time="2026-08-13 23:34:40Z" duration="0.201710" total="20" passed="20" failed="0" inconclusive="0" skipped="0" asserts="0">
            <properties />
            <test-case id="1017" name="Add_AppendsToGroupEnd_AndPersists" fullname="Spellbook.Tests.CoreTests.Add_AppendsToGroupEnd_AndPersists" methodname="Add_AppendsToGroupEnd_AndPersists" classname="Spellbook.Tests.CoreTests" runstate="Runnable" seed="472967202" result="Passed" start-time="2026-08-13 23:34:40Z" end-time="2026-08-13 23:34:40Z" duration="0.106424" asserts="0">
              <properties>
                <property name="retryIteration" value="0" />
                <property name="repeatIteration" value="0" />
              </properties>
            </test-case>
            <test-case id="1012" name="BuildPsArguments_QuotesPath_AppendsArgs" fullname="Spellbook.Tests.CoreTests.BuildPsArguments_QuotesPath_AppendsArgs" methodname="BuildPsArguments_QuotesPath_AppendsArgs" classname="Spellbook.Tests.CoreTests" runstate="Runnable" seed="1624082489" result="Passed" start-time="2026-08-13 23:34:40Z" end-time="2026-08-13 23:34:40Z" duration="0.001429" asserts="0">
              <properties>
                <property name="retryIteration" value="0" />
                <property name="repeatIteration" value="0" />
              </properties>
            </test-case>
            <test-suite type="ParameterizedMethod" id="1009" name="GetLaunchKind_ClassifiesByPath" fullname="Spellbook.Tests.CoreTests.GetLaunchKind_ClassifiesByPath" classname="Spellbook.Tests.CoreTests" runstate="Runnable" testcasecount="7" result="Passed" start-time="2026-08-13 23:34:40Z" end-time="2026-08-13 23:34:40Z" duration="0.011714" total="7" passed="7" failed="0" inconclusive="0" skipped="0" asserts="0">
              <properties />
              <test-case id="1002" name="GetLaunchKind_ClassifiesByPath(&quot;http://example.com&quot;,Url)" fullname="Spellbook.Tests.CoreTests.GetLaunchKind_ClassifiesByPath(&quot;http://example.com&quot;,Url)" methodname="GetLaunchKind_ClassifiesByPath" classname="Spellbook.Tests.CoreTests" runstate="Runnable" seed="45895716" result="Passed" start-time="2026-08-13 23:34:40Z" end-time="2026-08-13 23:34:40Z" duration="0.002404" asserts="0">
                <properties>
                  <property name="retryIteration" value="0" />
                  <property name="repeatIteration" value="0" />
                </properties>
              </test-case>
              <test-case id="1003" name="GetLaunchKind_ClassifiesByPath(&quot;https://example.com/page?a=1&quot;,Url)" fullname="Spellbook.Tests.CoreTests.GetLaunchKind_ClassifiesByPath(&quot;https://example.com/page?a=1&quot;,Url)" methodname="GetLaunchKind_ClassifiesByPath" classname="Spellbook.Tests.CoreTests" runstate="Runnable" seed="1847940974" result="Passed" start-time="2026-08-13 23:34:40Z" end-time="2026-08-13 23:34:40Z" duration="0.001267" asserts="0">
                <properties>
                  <property name="retryIteration" value="0" />
                  <property name="repeatIteration" value="0" />
                </properties>
              </test-case>
              <test-case id="1004" name="GetLaunchKind_ClassifiesByPath(&quot;HTTPS://EXAMPLE.COM&quot;,Url)" fullname="Spellbook.Tests.CoreTests.GetLaunchKind_ClassifiesByPath(&quot;HTTPS://EXAMPLE.COM&quot;,Url)" methodname="GetLaunchKind_ClassifiesByPath" classname="Spellbook.Tests.CoreTests" runstate="Runnable" seed="223208197" result="Passed" start-time="2026-08-13 23:34:40Z" end-time="2026-08-13 23:34:40Z" duration="0.001150" asserts="0">
                <properties>
                  <property name="retryIteration" value="0" />
                  <property name="repeatIteration" value="0" />
                </properties>
              </test-case>
              <test-case id="1005" name="GetLaunchKind_ClassifiesByPath(&quot;C:\\s\\a.ps1&quot;,Script)" fullname="Spellbook.Tests.CoreTests.GetLaunchKind_ClassifiesByPath(&quot;C:\\s\\a.ps1&quot;,Script)" methodname="GetLaunchKind_ClassifiesByPath" classname="Spellbook.Tests.CoreTests" runstate="Runnable" seed="2133916873" result="Passed" start-time="2026-08-13 23:34:40Z" end-time="2026-08-13 23:34:40Z" duration="0.001192" asserts="0">
                <properties>
                  <property name="retryIteration" value="0" />
                  <property name="repeatIteration" value="0" />
                </properties>
              </test-case>
              <test-case id="1006" name="GetLaunchKind_ClassifiesByPath(&quot;C:\\s\\a.PS1&quot;,Script)" fullname="Spellbook.Tests.CoreTests.GetLaunchKind_ClassifiesByPath(&quot;C:\\s\\a.PS1&quot;,Script)" methodname="GetLaunchKind_ClassifiesByPath" classname="Spellbook.Tests.CoreTests" runstate="Runnable" seed="1359526927" result="Passed" start-time="2026-08-13 23:34:40Z" end-time="2026-08-13 23:34:40Z" duration="0.001336" asserts="0">
                <properties>
                  <property name="retryIteration" value="0" />
                  <property name="repeatIteration" value="0" />
                </properties>
              </test-case>
              <test-case id="1007" name="GetLaunchKind_ClassifiesByPath(&quot;C:\\Program Files\\app\\chrome.exe&quot;,Program)" fullname="Spellbook.Tests.CoreTests.GetLaunchKind_ClassifiesByPath(&quot;C:\\Program Files\\app\\chrome.exe&quot;,Program)" methodname="GetLaunchKind_ClassifiesByPath" classname="Spellbook.Tests.CoreTests" runstate="Runnable" seed="1632240914" result="Passed" start-time="2026-08-13 23:34:40Z" end-time="2026-08-13 23:34:40Z" duration="0.001398" asserts="0">
                <properties>
                  <property name="retryIteration" value="0" />
                  <property name="repeatIteration" value="0" />
                </properties>
              </test-case>
              <test-case id="1008" name="GetLaunchKind_ClassifiesByPath(&quot;C:\\data\\report.xlsx&quot;,Program)" fullname="Spellbook.Tests.CoreTests.GetLaunchKind_ClassifiesByPath(&quot;C:\\data\\report.xlsx&quot;,Program)" methodname="GetLaunchKind_ClassifiesByPath" classname="Spellbook.Tests.CoreTests" runstate="Runnable" seed="87667532" result="Passed" start-time="2026-08-13 23:34:40Z" end-time="2026-08-13 23:34:40Z" duration="0.001238" asserts="0">
                <properties>
                  <property name="retryIteration" value="0" />
                  <property name="repeatIteration" value="0" />
                </properties>
              </test-case>
            </test-suite>
            <test-case id="1010" name="GetLaunchKind_ExistingDirectory_IsFolder" fullname="Spellbook.Tests.CoreTests.GetLaunchKind_ExistingDirectory_IsFolder" methodname="GetLaunchKind_ExistingDirectory_IsFolder" classname="Spellbook.Tests.CoreTests" runstate="Runnable" seed="659171596" result="Passed" start-time="2026-08-13 23:34:40Z" end-time="2026-08-13 23:34:40Z" duration="0.001443" asserts="0">
              <properties>
                <property name="retryIteration" value="0" />
                <property name="repeatIteration" value="0" />
              </properties>
            </test-case>
            <test-case id="1018" name="GroupKeys_UngroupedFirst_ThenFirstAppearance" fullname="Spellbook.Tests.CoreTests.GroupKeys_UngroupedFirst_ThenFirstAppearance" methodname="GroupKeys_UngroupedFirst_ThenFirstAppearance" classname="Spellbook.Tests.CoreTests" runstate="Runnable" seed="1757464391" result="Passed" start-time="2026-08-13 23:34:40Z" end-time="2026-08-13 23:34:40Z" duration="0.004753" asserts="0">
              <properties>
                <property name="retryIteration" value="0" />
                <property name="repeatIteration" value="0" />
              </properties>
            </test-case>
            <test-case id="1015" name="Load_CorruptJson_ReturnsEmpty_SetsLoadFailed_KeepsFile" fullname="Spellbook.Tests.CoreTests.Load_CorruptJson_ReturnsEmpty_SetsLoadFailed_KeepsFile" methodname="Load_CorruptJson_ReturnsEmpty_SetsLoadFailed_KeepsFile" classname="Spellbook.Tests.CoreTests" runstate="Runnable" seed="128965080" result="Passed" start-time="2026-08-13 23:34:40Z" end-time="2026-08-13 23:34:40Z" duration="0.006123" asserts="0">
              <properties>
                <property name="retryIteration" value="0" />
                <property name="repeatIteration" value="0" />
              </properties>
            </test-case>
            <test-case id="1016" name="Load_MissingFieldsInOldData_Defaulted" fullname="Spellbook.Tests.CoreTests.Load_MissingFieldsInOldData_Defaulted" methodname="Load_MissingFieldsInOldData_Defaulted" classname="Spellbook.Tests.CoreTests" runstate="Runnable" seed="1150031896" result="Passed" start-time="2026-08-13 23:34:40Z" end-time="2026-08-13 23:34:40Z" duration="0.003145" asserts="0">
              <properties>
                <property name="retryIteration" value="0" />
                <property name="repeatIteration" value="0" />
              </properties>
            </test-case>
            <test-case id="1013" name="Load_ReadsWpfWrittenJson" fullname="Spellbook.Tests.CoreTests.Load_ReadsWpfWrittenJson" methodname="Load_ReadsWpfWrittenJson" classname="Spellbook.Tests.CoreTests" runstate="Runnable" seed="950818855" result="Passed" start-time="2026-08-13 23:34:40Z" end-time="2026-08-13 23:34:40Z" duration="0.004057" asserts="0">
              <properties>
                <property name="retryIteration" value="0" />
                <property name="repeatIteration" value="0" />
              </properties>
            </test-case>
            <test-case id="1022" name="Matches_CaseInsensitive_EmptyMatchesAll" fullname="Spellbook.Tests.CoreTests.Matches_CaseInsensitive_EmptyMatchesAll" methodname="Matches_CaseInsensitive_EmptyMatchesAll" classname="Spellbook.Tests.CoreTests" runstate="Runnable" seed="1282700930" result="Passed" start-time="2026-08-13 23:34:40Z" end-time="2026-08-13 23:34:40Z" duration="0.001588" asserts="0">
              <properties>
                <property name="retryIteration" value="0" />
                <property name="repeatIteration" value="0" />
              </properties>
            </test-case>
            <test-case id="1019" name="MoveToGroup_AppendsToTargetEnd" fullname="Spellbook.Tests.CoreTests.MoveToGroup_AppendsToTargetEnd" methodname="MoveToGroup_AppendsToTargetEnd" classname="Spellbook.Tests.CoreTests" runstate="Runnable" seed="179906308" result="Passed" start-time="2026-08-13 23:34:40Z" end-time="2026-08-13 23:34:40Z" duration="0.006365" asserts="0">
              <properties>
                <property name="retryIteration" value="0" />
                <property name="repeatIteration" value="0" />
              </properties>
            </test-case>
            <test-case id="1021" name="ReorderBefore_DifferentGroups_NoOp" fullname="Spellbook.Tests.CoreTests.ReorderBefore_DifferentGroups_NoOp" methodname="ReorderBefore_DifferentGroups_NoOp" classname="Spellbook.Tests.CoreTests" runstate="Runnable" seed="1525360432" result="Passed" start-time="2026-08-13 23:34:40Z" end-time="2026-08-13 23:34:40Z" duration="0.004188" asserts="0">
              <properties>
                <property name="retryIteration" value="0" />
                <property name="repeatIteration" value="0" />
              </properties>
            </test-case>
            <test-case id="1020" name="ReorderBefore_MovesSourceBeforeTarget_Renumbers" fullname="Spellbook.Tests.CoreTests.ReorderBefore_MovesSourceBeforeTarget_Renumbers" methodname="ReorderBefore_MovesSourceBeforeTarget_Renumbers" classname="Spellbook.Tests.CoreTests" runstate="Runnable" seed="217318233" result="Passed" start-time="2026-08-13 23:34:40Z" end-time="2026-08-13 23:34:40Z" duration="0.035644" asserts="0">
              <properties>
                <property name="retryIteration" value="0" />
                <property name="repeatIteration" value="0" />
              </properties>
            </test-case>
            <test-case id="1014" name="Save_ProducesPascalCaseJson_WpfCanRead" fullname="Spellbook.Tests.CoreTests.Save_ProducesPascalCaseJson_WpfCanRead" methodname="Save_ProducesPascalCaseJson_WpfCanRead" classname="Spellbook.Tests.CoreTests" runstate="Runnable" seed="1339534243" result="Passed" start-time="2026-08-13 23:34:40Z" end-time="2026-08-13 23:34:40Z" duration="0.004765" asserts="0">
              <properties>
                <property name="retryIteration" value="0" />
                <property name="repeatIteration" value="0" />
              </properties>
            </test-case>
            <test-case id="1011" name="TargetMissing_UrlNeverMissing" fullname="Spellbook.Tests.CoreTests.TargetMissing_UrlNeverMissing" methodname="TargetMissing_UrlNeverMissing" classname="Spellbook.Tests.CoreTests" runstate="Runnable" seed="1719613843" result="Passed" start-time="2026-08-13 23:34:40Z" end-time="2026-08-13 23:34:40Z" duration="0.001270" asserts="0">
              <properties>
                <property name="retryIteration" value="0" />
                <property name="repeatIteration" value="0" />
              </properties>
              <output><![CDATA[Saving results to: C:\github\spellbook\src_unity\test-results.xml
]]></output>
            </test-case>
          </test-suite>
        </test-suite>
      </test-suite>
    </test-suite>
  </test-suite>
</test-run>